<?xml version="1.0" encoding="UTF-8"?>
<!-- Generated by org.testng.reporters.JUnitReportReporter -->
<testsuite hostname="DESKTOP-R8FA6O2" failures="0" tests="2" name="Grid_CrossBrowser.Test1Test" time="30.291" errors="0" timestamp="2023-12-01T13:29:40 IST" skipped="0">
  <testcase classname="Grid_CrossBrowser.Test1Test" name="test1" time="16.989"/>
  <system-out/>
  <testcase classname="Grid_CrossBrowser.Test1Test" name="test1" time="13.302"/>
  <system-out/>
</testsuite> <!-- Grid_CrossBrowser.Test1Test -->
